

Microchip MPLAB XC8 Assembler V2.10 build 88905656 
                                                                                               Thu Feb 06 00:07:57 2020

Microchip MPLAB XC8 C Compiler v2.10 (Free license) build 20190730164152 Og1 
     1                           	processor	16F887
     2                           	opt	pw 120
     3                           	opt	flic
     4                           	psect	idataBANK0,global,class=CODE,delta=2
     5                           	psect	cinit,global,class=CODE,merge=1,delta=2
     6                           	psect	bssCOMMON,global,class=COMMON,space=1,delta=1
     7                           	psect	bssBANK0,global,class=BANK0,space=1,delta=1
     8                           	psect	dataBANK0,global,class=BANK0,space=1,delta=1
     9                           	psect	inittext,global,class=CODE,delta=2
    10                           	psect	cstackCOMMON,global,class=COMMON,space=1,delta=1
    11                           	psect	cstackBANK0,global,class=BANK0,space=1,delta=1
    12                           	psect	maintext,global,class=CODE,split=1,delta=2
    13                           	psect	text1,local,class=CODE,merge=1,delta=2
    14                           	psect	text2,local,class=CODE,merge=1,delta=2
    15                           	psect	text3,local,class=CODE,merge=1,delta=2
    16                           	psect	text4,local,class=CODE,merge=1,delta=2
    17                           	psect	text5,local,class=CODE,merge=1,delta=2
    18                           	psect	intentry,global,class=CODE,delta=2
    19                           	psect	text6,local,class=CODE,merge=1,delta=2
    20                           	psect	text7,local,class=CODE,merge=1,delta=2
    21                           	dabs	1,0x7E,2
    22  0000                     
    23                           ; Version 2.10
    24                           ; Generated 31/07/2019 GMT
    25                           ; 
    26                           ; Copyright © 2019, Microchip Technology Inc. and its subsidiaries ("Microchip")
    27                           ; All rights reserved.
    28                           ; 
    29                           ; This software is developed by Microchip Technology Inc. and its subsidiaries ("Microch
      +                          ip").
    30                           ; 
    31                           ; Redistribution and use in source and binary forms, with or without modification, are
    32                           ; permitted provided that the following conditions are met:
    33                           ; 
    34                           ;     1. Redistributions of source code must retain the above copyright notice, this lis
      +                          t of
    35                           ;        conditions and the following disclaimer.
    36                           ; 
    37                           ;     2. Redistributions in binary form must reproduce the above copyright notice, this 
      +                          list
    38                           ;        of conditions and the following disclaimer in the documentation and/or other
    39                           ;        materials provided with the distribution.
    40                           ; 
    41                           ;     3. Microchip's name may not be used to endorse or promote products derived from th
      +                          is
    42                           ;        software without specific prior written permission.
    43                           ; 
    44                           ; THIS SOFTWARE IS PROVIDED BY MICROCHIP "AS IS" AND ANY EXPRESS OR IMPLIED WARRANTIES,
    45                           ; INCLUDING, BUT NOT LIMITED TO, THE IMPLIED WARRANTIES OF MERCHANTABILITY AND FITNESS F
      +                          OR
    46                           ; PURPOSE ARE DISCLAIMED.  IN NO EVENT SHALL MICROCHIP BE LIABLE FOR ANY DIRECT, INDIREC
      +                          T,
    47                           ; INCIDENTAL, SPECIAL, EXEMPLARY, OR CONSEQUENTIAL DAMAGES (INCLUDING BUT NOT LIMITED TO
    48                           ; PROCUREMENT OF SUBSTITUTE GOODS OR SERVICES; LOSS OF USE, DATA OR PROFITS; OR BUSINESS
    49                           ; INTERRUPTION) HOWSOEVER CAUSED AND ON ANY THEORY OF LIABILITY, WHETHER IN CONTRACT, ST
      +                          RICT
    50                           ; LIABILITY, OR TORT (INCLUDING NEGLIGENCE OR OTHERWISE) ARISING IN ANY WAY OUT OF THE U
      +                          SE OF
    51                           ; THIS SOFTWARE, EVEN IF ADVISED OF THE POSSIBILITY OF SUCH DAMAGE.
    52                           ; 
    53                           ; 
    54                           ; Code-generator required, PIC16F887 Definitions
    55                           ; 
    56                           ; SFR Addresses
    57  0000                     	;# 
    58  0001                     	;# 
    59  0002                     	;# 
    60  0003                     	;# 
    61  0004                     	;# 
    62  0005                     	;# 
    63  0006                     	;# 
    64  0007                     	;# 
    65  0008                     	;# 
    66  0009                     	;# 
    67  000A                     	;# 
    68  000B                     	;# 
    69  000C                     	;# 
    70  000D                     	;# 
    71  000E                     	;# 
    72  000E                     	;# 
    73  000F                     	;# 
    74  0010                     	;# 
    75  0011                     	;# 
    76  0012                     	;# 
    77  0013                     	;# 
    78  0014                     	;# 
    79  0015                     	;# 
    80  0015                     	;# 
    81  0016                     	;# 
    82  0017                     	;# 
    83  0018                     	;# 
    84  0019                     	;# 
    85  001A                     	;# 
    86  001B                     	;# 
    87  001B                     	;# 
    88  001C                     	;# 
    89  001D                     	;# 
    90  001E                     	;# 
    91  001F                     	;# 
    92  0081                     	;# 
    93  0085                     	;# 
    94  0086                     	;# 
    95  0087                     	;# 
    96  0088                     	;# 
    97  0089                     	;# 
    98  008C                     	;# 
    99  008D                     	;# 
   100  008E                     	;# 
   101  008F                     	;# 
   102  0090                     	;# 
   103  0091                     	;# 
   104  0092                     	;# 
   105  0093                     	;# 
   106  0093                     	;# 
   107  0093                     	;# 
   108  0094                     	;# 
   109  0095                     	;# 
   110  0096                     	;# 
   111  0097                     	;# 
   112  0098                     	;# 
   113  0099                     	;# 
   114  009A                     	;# 
   115  009B                     	;# 
   116  009C                     	;# 
   117  009D                     	;# 
   118  009E                     	;# 
   119  009F                     	;# 
   120  0105                     	;# 
   121  0107                     	;# 
   122  0108                     	;# 
   123  0109                     	;# 
   124  010C                     	;# 
   125  010C                     	;# 
   126  010D                     	;# 
   127  010E                     	;# 
   128  010F                     	;# 
   129  0185                     	;# 
   130  0187                     	;# 
   131  0188                     	;# 
   132  0189                     	;# 
   133  018C                     	;# 
   134  018D                     	;# 
   135  0000                     	;# 
   136  0001                     	;# 
   137  0002                     	;# 
   138  0003                     	;# 
   139  0004                     	;# 
   140  0005                     	;# 
   141  0006                     	;# 
   142  0007                     	;# 
   143  0008                     	;# 
   144  0009                     	;# 
   145  000A                     	;# 
   146  000B                     	;# 
   147  000C                     	;# 
   148  000D                     	;# 
   149  000E                     	;# 
   150  000E                     	;# 
   151  000F                     	;# 
   152  0010                     	;# 
   153  0011                     	;# 
   154  0012                     	;# 
   155  0013                     	;# 
   156  0014                     	;# 
   157  0015                     	;# 
   158  0015                     	;# 
   159  0016                     	;# 
   160  0017                     	;# 
   161  0018                     	;# 
   162  0019                     	;# 
   163  001A                     	;# 
   164  001B                     	;# 
   165  001B                     	;# 
   166  001C                     	;# 
   167  001D                     	;# 
   168  001E                     	;# 
   169  001F                     	;# 
   170  0081                     	;# 
   171  0085                     	;# 
   172  0086                     	;# 
   173  0087                     	;# 
   174  0088                     	;# 
   175  0089                     	;# 
   176  008C                     	;# 
   177  008D                     	;# 
   178  008E                     	;# 
   179  008F                     	;# 
   180  0090                     	;# 
   181  0091                     	;# 
   182  0092                     	;# 
   183  0093                     	;# 
   184  0093                     	;# 
   185  0093                     	;# 
   186  0094                     	;# 
   187  0095                     	;# 
   188  0096                     	;# 
   189  0097                     	;# 
   190  0098                     	;# 
   191  0099                     	;# 
   192  009A                     	;# 
   193  009B                     	;# 
   194  009C                     	;# 
   195  009D                     	;# 
   196  009E                     	;# 
   197  009F                     	;# 
   198  0105                     	;# 
   199  0107                     	;# 
   200  0108                     	;# 
   201  0109                     	;# 
   202  010C                     	;# 
   203  010C                     	;# 
   204  010D                     	;# 
   205  010E                     	;# 
   206  010F                     	;# 
   207  0185                     	;# 
   208  0187                     	;# 
   209  0188                     	;# 
   210  0189                     	;# 
   211  018C                     	;# 
   212  018D                     	;# 
   213  0000                     	;# 
   214  0001                     	;# 
   215  0002                     	;# 
   216  0003                     	;# 
   217  0004                     	;# 
   218  0005                     	;# 
   219  0006                     	;# 
   220  0007                     	;# 
   221  0008                     	;# 
   222  0009                     	;# 
   223  000A                     	;# 
   224  000B                     	;# 
   225  000C                     	;# 
   226  000D                     	;# 
   227  000E                     	;# 
   228  000E                     	;# 
   229  000F                     	;# 
   230  0010                     	;# 
   231  0011                     	;# 
   232  0012                     	;# 
   233  0013                     	;# 
   234  0014                     	;# 
   235  0015                     	;# 
   236  0015                     	;# 
   237  0016                     	;# 
   238  0017                     	;# 
   239  0018                     	;# 
   240  0019                     	;# 
   241  001A                     	;# 
   242  001B                     	;# 
   243  001B                     	;# 
   244  001C                     	;# 
   245  001D                     	;# 
   246  001E                     	;# 
   247  001F                     	;# 
   248  0081                     	;# 
   249  0085                     	;# 
   250  0086                     	;# 
   251  0087                     	;# 
   252  0088                     	;# 
   253  0089                     	;# 
   254  008C                     	;# 
   255  008D                     	;# 
   256  008E                     	;# 
   257  008F                     	;# 
   258  0090                     	;# 
   259  0091                     	;# 
   260  0092                     	;# 
   261  0093                     	;# 
   262  0093                     	;# 
   263  0093                     	;# 
   264  0094                     	;# 
   265  0095                     	;# 
   266  0096                     	;# 
   267  0097                     	;# 
   268  0098                     	;# 
   269  0099                     	;# 
   270  009A                     	;# 
   271  009B                     	;# 
   272  009C                     	;# 
   273  009D                     	;# 
   274  009E                     	;# 
   275  009F                     	;# 
   276  0105                     	;# 
   277  0107                     	;# 
   278  0108                     	;# 
   279  0109                     	;# 
   280  010C                     	;# 
   281  010C                     	;# 
   282  010D                     	;# 
   283  010E                     	;# 
   284  010F                     	;# 
   285  0185                     	;# 
   286  0187                     	;# 
   287  0188                     	;# 
   288  0189                     	;# 
   289  018C                     	;# 
   290  018D                     	;# 
   291                           
   292                           	psect	idataBANK0
   293  0134                     __pidataBANK0:	
   294                           
   295                           ;initializer for _DISPLAY2
   296  0134  343F               	retlw	63
   297  0135  3406               	retlw	6
   298  0136  345B               	retlw	91
   299  0137  344F               	retlw	79
   300  0138  3466               	retlw	102
   301  0139  346D               	retlw	109
   302  013A  347D               	retlw	125
   303  013B  3407               	retlw	7
   304  013C  347F               	retlw	127
   305  013D  346F               	retlw	111
   306  013E  3477               	retlw	119
   307  013F  347C               	retlw	124
   308  0140  3439               	retlw	57
   309  0141  345E               	retlw	94
   310  0142  3479               	retlw	121
   311  0143  3471               	retlw	113
   312                           
   313                           ;initializer for _DISPLAY1
   314  0144  343F               	retlw	63
   315  0145  3406               	retlw	6
   316  0146  345B               	retlw	91
   317  0147  344F               	retlw	79
   318  0148  3466               	retlw	102
   319  0149  346D               	retlw	109
   320  014A  347D               	retlw	125
   321  014B  3407               	retlw	7
   322  014C  347F               	retlw	127
   323  014D  346F               	retlw	111
   324  014E  3477               	retlw	119
   325  014F  347C               	retlw	124
   326  0150  3439               	retlw	57
   327  0151  345E               	retlw	94
   328  0152  3479               	retlw	121
   329  0153  3471               	retlw	113
   330  0009                     _PORTE	set	9
   331  0008                     _PORTD	set	8
   332  0007                     _PORTC	set	7
   333  0006                     _PORTB	set	6
   334  001F                     _ADCON0bits	set	31
   335  001E                     _ADRESH	set	30
   336  000C                     _PIR1bits	set	12
   337  000B                     _INTCONbits	set	11
   338  0005                     _PORTA	set	5
   339  0001                     _TMR0	set	1
   340  0031                     _RB1	set	49
   341  0030                     _RB0	set	48
   342  0041                     _RD1	set	65
   343  0040                     _RD0	set	64
   344  0042                     _RD2	set	66
   345  005A                     _TMR0IF	set	90
   346  0096                     _IOCBbits	set	150
   347  008C                     _PIE1bits	set	140
   348  0081                     _OPTION_REGbits	set	129
   349  009F                     _ADCON1bits	set	159
   350  0089                     _TRISE	set	137
   351  0088                     _TRISD	set	136
   352  0087                     _TRISC	set	135
   353  0086                     _TRISB	set	134
   354  0085                     _TRISA	set	133
   355  008F                     _OSCCONbits	set	143
   356  0189                     _ANSELH	set	393
   357  0188                     _ANSEL	set	392
   358                           
   359                           ; #config settings
   360  0000                     
   361                           	psect	cinit
   362  000F                     start_initialization:	
   363  000F                     __initialization:	
   364                           
   365                           ; Initialize objects allocated to BANK0
   366  000F  1383               	bcf	3,7	;select IRP bank0
   367  0010  3040               	movlw	low (__pdataBANK0+32)
   368  0011  00FD               	movwf	btemp+-1
   369  0012  3001               	movlw	high __pidataBANK0
   370  0013  00FE               	movwf	btemp
   371  0014  3034               	movlw	low __pidataBANK0
   372  0015  00FF               	movwf	btemp+1
   373  0016  3020               	movlw	low __pdataBANK0
   374  0017  0084               	movwf	4
   375  0018  120A  118A  216D  120A  118A  	fcall	init_ram0
   376                           
   377                           ; Clear objects allocated to BANK0
   378  001D  01C3               	clrf	__pbssBANK0& (0+127)
   379                           
   380                           ; Clear objects allocated to COMMON
   381  001E  01F0               	clrf	__pbssCOMMON& (0+127)
   382  001F  01F1               	clrf	(__pbssCOMMON+1)& (0+127)
   383  0020  01F2               	clrf	(__pbssCOMMON+2)& (0+127)
   384  0021  01F3               	clrf	(__pbssCOMMON+3)& (0+127)
   385  0022  01F4               	clrf	(__pbssCOMMON+4)& (0+127)
   386  0023  01F5               	clrf	(__pbssCOMMON+5)& (0+127)
   387  0024  01F6               	clrf	(__pbssCOMMON+6)& (0+127)
   388  0025                     end_of_initialization:	
   389                           ;End of C runtime variable initialization code
   390                           
   391  0025                     __end_of__initialization:	
   392  0025  0183               	clrf	3
   393  0026  120A  118A  297C   	ljmp	_main	;jump to C main() function
   394                           
   395                           	psect	bssCOMMON
   396  0070                     __pbssCOMMON:	
   397  0070                     _ANTIREBOTEA:	
   398  0070                     	ds	1
   399  0071                     _ADC:	
   400  0071                     	ds	1
   401  0072                     _y:	
   402  0072                     	ds	1
   403  0073                     _x:	
   404  0073                     	ds	1
   405  0074                     _i:	
   406  0074                     	ds	1
   407  0075                     _z:	
   408  0075                     	ds	1
   409  0076                     _BANDERA:	
   410  0076                     	ds	1
   411                           
   412                           	psect	bssBANK0
   413  0043                     __pbssBANK0:	
   414  0043                     _ANTIREBOTEB:	
   415  0043                     	ds	1
   416                           
   417                           	psect	dataBANK0
   418  0020                     __pdataBANK0:	
   419  0020                     _DISPLAY2:	
   420  0020                     	ds	16
   421  0030                     _DISPLAY1:	
   422  0030                     	ds	16
   423                           
   424                           	psect	inittext
   425  0169                     init_fetch0:	
   426                           ;	Called with low address in FSR and high address in W
   427                           
   428  0169  087E               	movf	btemp,w
   429  016A  008A               	movwf	10
   430  016B  087F               	movf	btemp+1,w
   431  016C  0082               	movwf	2
   432  016D                     init_ram0:	
   433                           ;Called with:
   434                           ;	high address of idata address in btemp 
   435                           ;	low address of idata address in btemp+1 
   436                           ;	low address of data in FSR
   437                           ;	high address + 1 of data in btemp-1
   438                           
   439  016D  120A  118A  2169  120A  118A  	fcall	init_fetch0
   440  0172  0080               	movwf	0
   441  0173  0A84               	incf	4,f
   442  0174  0804               	movf	4,w
   443  0175  067D               	xorwf	btemp+-1,w
   444  0176  1903               	btfsc	3,2
   445  0177  3400               	retlw	0
   446  0178  0AFF               	incf	btemp+1,f
   447  0179  1903               	btfsc	3,2
   448  017A  0AFE               	incf	btemp,f
   449  017B  296D               	goto	init_ram0
   450                           
   451                           	psect	cstackCOMMON
   452  0077                     __pcstackCOMMON:	
   453  0077                     ?_TOGGLE:	
   454  0077                     ??_TOGGLE:	
   455                           ; 1 bytes @ 0x0
   456                           
   457  0077                     ?_operacion:	
   458                           ; 1 bytes @ 0x0
   459                           
   460  0077                     ??_operacion:	
   461                           ; 1 bytes @ 0x0
   462                           
   463  0077                     ?_setup:	
   464                           ; 1 bytes @ 0x0
   465                           
   466  0077                     ?_analogico:	
   467                           ; 1 bytes @ 0x0
   468                           
   469  0077                     ?_NIBBLES:	
   470                           ; 1 bytes @ 0x0
   471                           
   472  0077                     ?_desplegar:	
   473                           ; 1 bytes @ 0x0
   474                           
   475  0077                     ?_ISR:	
   476                           ; 1 bytes @ 0x0
   477                           
   478  0077                     ?_main:	
   479                           ; 1 bytes @ 0x0
   480                           
   481                           
   482                           ; 1 bytes @ 0x0
   483  0077                     	ds	1
   484  0078                     ??_ISR:	
   485                           
   486                           ; 1 bytes @ 0x1
   487  0078                     	ds	3
   488                           
   489                           	psect	cstackBANK0
   490  0040                     __pcstackBANK0:	
   491  0040                     ??_setup:	
   492  0040                     ??_NIBBLES:	
   493                           ; 1 bytes @ 0x0
   494                           
   495  0040                     ??_desplegar:	
   496                           ; 1 bytes @ 0x0
   497                           
   498                           
   499                           ; 1 bytes @ 0x0
   500  0040                     	ds	2
   501  0042                     ??_analogico:	
   502                           
   503                           ; 1 bytes @ 0x2
   504  0042                     	ds	1
   505  0043                     ??_main:	
   506                           
   507                           	psect	maintext
   508  017C                     __pmaintext:	
   509                           ; 1 bytes @ 0x3
   510 ;;
   511 ;;Main: autosize = 0, tempsize = 0, incstack = 0, save=0
   512 ;;
   513 ;; *************** function _main *****************
   514 ;; Defined at:
   515 ;;		line 69 in file "lab2.c"
   516 ;; Parameters:    Size  Location     Type
   517 ;;		None
   518 ;; Auto vars:     Size  Location     Type
   519 ;;		None
   520 ;; Return value:  Size  Location     Type
   521 ;;                  1    wreg      void 
   522 ;; Registers used:
   523 ;;		wreg, fsr0l, fsr0h, status,2, status,0, pclath, cstack
   524 ;; Tracked objects:
   525 ;;		On entry : B00/0
   526 ;;		On exit  : 0/0
   527 ;;		Unchanged: 0/0
   528 ;; Data sizes:     COMMON   BANK0   BANK1   BANK3   BANK2
   529 ;;      Params:         0       0       0       0       0
   530 ;;      Locals:         0       0       0       0       0
   531 ;;      Temps:          0       0       0       0       0
   532 ;;      Totals:         0       0       0       0       0
   533 ;;Total ram usage:        0 bytes
   534 ;; Hardware stack levels required when called:    4
   535 ;; This function calls:
   536 ;;		_analogico
   537 ;;		_setup
   538 ;; This function is called by:
   539 ;;		Startup code after reset
   540 ;; This function uses a non-reentrant model
   541 ;;
   542                           
   543                           
   544                           ;psect for function _main
   545  017C                     _main:	
   546  017C                     l1185:	
   547                           ;incstack = 0
   548                           ; Regs used in _main: [wreg-fsr0h+status,2+status,0+pclath+cstack]
   549                           
   550                           
   551                           ;lab2.c: 71:     setup();
   552  017C  120A  118A  2029  120A  118A  	fcall	_setup
   553  0181                     l1187:	
   554                           
   555                           ;lab2.c: 72:     analogico();
   556  0181  120A  118A  20E4  120A  118A  	fcall	_analogico
   557  0186                     l63:	
   558  0186  120A  118A  280C   	ljmp	start
   559  0189                     __end_of_main:	
   560                           
   561                           	psect	text1
   562  0029                     __ptext1:	
   563 ;; *************** function _setup *****************
   564 ;; Defined at:
   565 ;;		line 7 in file "LIBRERIA.c"
   566 ;; Parameters:    Size  Location     Type
   567 ;;		None
   568 ;; Auto vars:     Size  Location     Type
   569 ;;		None
   570 ;; Return value:  Size  Location     Type
   571 ;;                  1    wreg      void 
   572 ;; Registers used:
   573 ;;		wreg, status,2, status,0
   574 ;; Tracked objects:
   575 ;;		On entry : 0/0
   576 ;;		On exit  : 0/0
   577 ;;		Unchanged: 0/0
   578 ;; Data sizes:     COMMON   BANK0   BANK1   BANK3   BANK2
   579 ;;      Params:         0       0       0       0       0
   580 ;;      Locals:         0       0       0       0       0
   581 ;;      Temps:          0       0       0       0       0
   582 ;;      Totals:         0       0       0       0       0
   583 ;;Total ram usage:        0 bytes
   584 ;; Hardware stack levels used:    1
   585 ;; Hardware stack levels required when called:    2
   586 ;; This function calls:
   587 ;;		Nothing
   588 ;; This function is called by:
   589 ;;		_main
   590 ;; This function uses a non-reentrant model
   591 ;;
   592                           
   593                           
   594                           ;psect for function _setup
   595  0029                     _setup:	
   596  0029                     l1065:	
   597                           ;incstack = 0
   598                           ; Regs used in _setup: [wreg+status,2+status,0]
   599                           
   600                           
   601                           ;LIBRERIA.c: 10:     OSCCONbits.IRCF = 0b111;
   602  0029  3070               	movlw	112
   603  002A  1683               	bsf	3,5	;RP0=1, select bank1
   604  002B  1303               	bcf	3,6	;RP1=0, select bank1
   605  002C  048F               	iorwf	15,f	;volatile
   606  002D                     l1067:	
   607                           
   608                           ;LIBRERIA.c: 11:     OSCCONbits.OSTS= 0;
   609  002D  118F               	bcf	15,3	;volatile
   610  002E                     l1069:	
   611                           
   612                           ;LIBRERIA.c: 12:     OSCCONbits.HTS = 0;
   613  002E  110F               	bcf	15,2	;volatile
   614  002F                     l1071:	
   615                           
   616                           ;LIBRERIA.c: 13:     OSCCONbits.LTS = 0;
   617  002F  108F               	bcf	15,1	;volatile
   618  0030                     l1073:	
   619                           
   620                           ;LIBRERIA.c: 14:     OSCCONbits.SCS = 1;
   621  0030  140F               	bsf	15,0	;volatile
   622  0031                     l1075:	
   623                           
   624                           ;LIBRERIA.c: 18:     ANSEL = 0b00000000;
   625  0031  1683               	bsf	3,5	;RP0=1, select bank3
   626  0032  1703               	bsf	3,6	;RP1=1, select bank3
   627  0033  0188               	clrf	8	;volatile
   628  0034                     l1077:	
   629                           
   630                           ;LIBRERIA.c: 19:     ANSELH = 0b00100000;
   631  0034  3020               	movlw	32
   632  0035  0089               	movwf	9	;volatile
   633  0036                     l1079:	
   634                           
   635                           ;LIBRERIA.c: 20:     TRISA = 0b00000000;
   636  0036  1683               	bsf	3,5	;RP0=1, select bank1
   637  0037  1303               	bcf	3,6	;RP1=0, select bank1
   638  0038  0185               	clrf	5	;volatile
   639  0039                     l1081:	
   640                           
   641                           ;LIBRERIA.c: 21:     TRISB = 0b00100011;
   642  0039  3023               	movlw	35
   643  003A  0086               	movwf	6	;volatile
   644  003B                     l1083:	
   645                           
   646                           ;LIBRERIA.c: 23:     TRISC = 0b00000000;
   647  003B  0187               	clrf	7	;volatile
   648  003C                     l1085:	
   649                           
   650                           ;LIBRERIA.c: 24:     TRISD = 0b00000000;
   651  003C  0188               	clrf	8	;volatile
   652  003D                     l1087:	
   653                           
   654                           ;LIBRERIA.c: 25:     TRISE = 0;
   655  003D  0189               	clrf	9	;volatile
   656  003E                     l1089:	
   657                           
   658                           ;LIBRERIA.c: 26:     PORTA = 0;
   659  003E  1283               	bcf	3,5	;RP0=0, select bank0
   660  003F  1303               	bcf	3,6	;RP1=0, select bank0
   661  0040  0185               	clrf	5	;volatile
   662  0041                     l1091:	
   663                           
   664                           ;LIBRERIA.c: 27:     PORTB = 0;
   665  0041  0186               	clrf	6	;volatile
   666  0042                     l1093:	
   667                           
   668                           ;LIBRERIA.c: 28:     PORTC = 0;
   669  0042  0187               	clrf	7	;volatile
   670  0043                     l1095:	
   671                           
   672                           ;LIBRERIA.c: 29:     PORTD = 0;
   673  0043  0188               	clrf	8	;volatile
   674  0044                     l1097:	
   675                           
   676                           ;LIBRERIA.c: 30:     PORTE = 0;
   677  0044  0189               	clrf	9	;volatile
   678  0045                     l1099:	
   679                           
   680                           ;LIBRERIA.c: 33:     ADCON0bits.ADCS0 = 1;
   681  0045  171F               	bsf	31,6	;volatile
   682  0046                     l1101:	
   683                           
   684                           ;LIBRERIA.c: 34:     ADCON0bits.ADCS1 = 0;
   685  0046  139F               	bcf	31,7	;volatile
   686  0047                     l1103:	
   687                           
   688                           ;LIBRERIA.c: 35:     ADCON0bits.CHS0 = 1;
   689  0047  151F               	bsf	31,2	;volatile
   690  0048                     l1105:	
   691                           
   692                           ;LIBRERIA.c: 36:     ADCON0bits.CHS1 = 0;
   693  0048  119F               	bcf	31,3	;volatile
   694  0049                     l1107:	
   695                           
   696                           ;LIBRERIA.c: 37:     ADCON0bits.CHS2 = 1;
   697  0049  161F               	bsf	31,4	;volatile
   698  004A                     l1109:	
   699                           
   700                           ;LIBRERIA.c: 38:     ADCON0bits.CHS3 = 1;
   701  004A  169F               	bsf	31,5	;volatile
   702  004B                     l1111:	
   703                           
   704                           ;LIBRERIA.c: 39:     ADCON0bits.ADON = 1;
   705  004B  141F               	bsf	31,0	;volatile
   706  004C                     l1113:	
   707                           
   708                           ;LIBRERIA.c: 40:     ADCON1bits.ADFM = 0;
   709  004C  1683               	bsf	3,5	;RP0=1, select bank1
   710  004D  1303               	bcf	3,6	;RP1=0, select bank1
   711  004E  139F               	bcf	31,7	;volatile
   712  004F                     l1115:	
   713                           
   714                           ;LIBRERIA.c: 41:     ADCON1bits.VCFG0 = 0;
   715  004F  121F               	bcf	31,4	;volatile
   716  0050                     l1117:	
   717                           
   718                           ;LIBRERIA.c: 42:     ADCON1bits.VCFG1 = 0;
   719  0050  129F               	bcf	31,5	;volatile
   720  0051                     l1119:	
   721                           
   722                           ;LIBRERIA.c: 45:     OPTION_REGbits.nRBPU = 1;
   723  0051  1781               	bsf	1,7	;volatile
   724  0052                     l1121:	
   725                           
   726                           ;LIBRERIA.c: 46:     OPTION_REGbits.INTEDG = 0;
   727  0052  1301               	bcf	1,6	;volatile
   728  0053                     l1123:	
   729                           
   730                           ;LIBRERIA.c: 47:     OPTION_REGbits.T0CS = 0;
   731  0053  1281               	bcf	1,5	;volatile
   732  0054                     l1125:	
   733                           
   734                           ;LIBRERIA.c: 48:     OPTION_REGbits.T0SE = 0;
   735  0054  1201               	bcf	1,4	;volatile
   736  0055                     l1127:	
   737                           
   738                           ;LIBRERIA.c: 49:     OPTION_REGbits.PSA = 0;
   739  0055  1181               	bcf	1,3	;volatile
   740                           
   741                           ;LIBRERIA.c: 50:     OPTION_REGbits.PS = 0b000;
   742  0056  30F8               	movlw	-8
   743  0057  0581               	andwf	1,f	;volatile
   744  0058                     l1129:	
   745                           
   746                           ;LIBRERIA.c: 51:     TMR0 = 2;
   747  0058  3002               	movlw	2
   748  0059  1283               	bcf	3,5	;RP0=0, select bank0
   749  005A  1303               	bcf	3,6	;RP1=0, select bank0
   750  005B  0081               	movwf	1	;volatile
   751  005C                     l1131:	
   752                           
   753                           ;LIBRERIA.c: 54:     INTCONbits.GIE = 1;
   754  005C  178B               	bsf	11,7	;volatile
   755  005D                     l1133:	
   756                           
   757                           ;LIBRERIA.c: 56:     INTCONbits.T0IE= 1;
   758  005D  168B               	bsf	11,5	;volatile
   759  005E                     l1135:	
   760                           
   761                           ;LIBRERIA.c: 59:     INTCONbits.T0IF= 0;
   762  005E  110B               	bcf	11,2	;volatile
   763  005F                     l1137:	
   764                           
   765                           ;LIBRERIA.c: 66:     PIE1bits.ADIE = 1;
   766  005F  1683               	bsf	3,5	;RP0=1, select bank1
   767  0060  1303               	bcf	3,6	;RP1=0, select bank1
   768  0061  170C               	bsf	12,6	;volatile
   769  0062                     l1139:	
   770                           
   771                           ;LIBRERIA.c: 67:     PIR1bits.ADIF = 0;
   772  0062  1283               	bcf	3,5	;RP0=0, select bank0
   773  0063  1303               	bcf	3,6	;RP1=0, select bank0
   774  0064  130C               	bcf	12,6	;volatile
   775  0065                     l1141:	
   776                           
   777                           ;LIBRERIA.c: 69:     INTCONbits.PEIE = 1;
   778  0065  170B               	bsf	11,6	;volatile
   779  0066                     l1143:	
   780                           
   781                           ;LIBRERIA.c: 72:     INTCONbits.RBIF= 0;
   782  0066  100B               	bcf	11,0	;volatile
   783  0067                     l1145:	
   784                           
   785                           ;LIBRERIA.c: 73:     INTCONbits.RBIE= 1;
   786  0067  158B               	bsf	11,3	;volatile
   787  0068                     l1147:	
   788                           
   789                           ;LIBRERIA.c: 74:     IOCBbits.IOCB0 = 1;
   790  0068  1683               	bsf	3,5	;RP0=1, select bank1
   791  0069  1303               	bcf	3,6	;RP1=0, select bank1
   792  006A  1416               	bsf	22,0	;volatile
   793  006B                     l1149:	
   794                           
   795                           ;LIBRERIA.c: 75:     IOCBbits.IOCB1 = 1;
   796  006B  1496               	bsf	22,1	;volatile
   797  006C                     l1151:	
   798                           
   799                           ;LIBRERIA.c: 78:     i = 0;
   800  006C  01F4               	clrf	_i
   801  006D                     l1153:	
   802                           
   803                           ;LIBRERIA.c: 79:     z = 0;
   804  006D  01F5               	clrf	_z
   805  006E                     l1155:	
   806                           
   807                           ;LIBRERIA.c: 80:     RD2 = 0;
   808  006E  1283               	bcf	3,5	;RP0=0, select bank0
   809  006F  1303               	bcf	3,6	;RP1=0, select bank0
   810  0070  1108               	bcf	8,2	;volatile
   811  0071                     l1157:	
   812                           
   813                           ;LIBRERIA.c: 81:     RD0 = 0;
   814  0071  1008               	bcf	8,0	;volatile
   815  0072                     l1159:	
   816                           
   817                           ;LIBRERIA.c: 82:     RD1 = 0;
   818  0072  1088               	bcf	8,1	;volatile
   819  0073                     l1161:	
   820                           
   821                           ;LIBRERIA.c: 83:     y=0;
   822  0073  01F2               	clrf	_y
   823  0074                     l1163:	
   824                           
   825                           ;LIBRERIA.c: 84:     x=0;
   826  0074  01F3               	clrf	_x
   827  0075                     l1165:	
   828                           
   829                           ;LIBRERIA.c: 85:     BANDERA = 0;
   830  0075  01F6               	clrf	_BANDERA
   831  0076                     l147:	
   832  0076  0008               	return
   833  0077                     __end_of_setup:	
   834                           
   835                           	psect	text2
   836  00E4                     __ptext2:	
   837 ;; *************** function _analogico *****************
   838 ;; Defined at:
   839 ;;		line 76 in file "lab2.c"
   840 ;; Parameters:    Size  Location     Type
   841 ;;		None
   842 ;; Auto vars:     Size  Location     Type
   843 ;;		None
   844 ;; Return value:  Size  Location     Type
   845 ;;                  1    wreg      void 
   846 ;; Registers used:
   847 ;;		wreg, fsr0l, fsr0h, status,2, status,0, pclath, cstack
   848 ;; Tracked objects:
   849 ;;		On entry : 0/0
   850 ;;		On exit  : 0/0
   851 ;;		Unchanged: 0/0
   852 ;; Data sizes:     COMMON   BANK0   BANK1   BANK3   BANK2
   853 ;;      Params:         0       0       0       0       0
   854 ;;      Locals:         0       0       0       0       0
   855 ;;      Temps:          0       1       0       0       0
   856 ;;      Totals:         0       1       0       0       0
   857 ;;Total ram usage:        1 bytes
   858 ;; Hardware stack levels used:    1
   859 ;; Hardware stack levels required when called:    3
   860 ;; This function calls:
   861 ;;		_NIBBLES
   862 ;;		_desplegar
   863 ;; This function is called by:
   864 ;;		_main
   865 ;; This function uses a non-reentrant model
   866 ;;
   867                           
   868                           
   869                           ;psect for function _analogico
   870  00E4                     _analogico:	
   871  00E4                     l66:	
   872                           ;incstack = 0
   873                           ; Regs used in _analogico: [wreg-fsr0h+status,2+status,0+pclath+cstack]
   874                           ;lab2.c: 77:         while(1){
   875                           
   876  00E4                     l1167:	
   877                           
   878                           ;lab2.c: 80:             if (z>i){
   879  00E4  0875               	movf	_z,w
   880  00E5  0274               	subwf	_i,w
   881  00E6  1803               	skipnc
   882  00E7  28E9               	goto	u291
   883  00E8  28EA               	goto	u290
   884  00E9                     u291:	
   885  00E9  28ED               	goto	l1171
   886  00EA                     u290:	
   887  00EA                     l1169:	
   888                           
   889                           ;lab2.c: 81:                 RD2 = 1;
   890  00EA  1283               	bcf	3,5	;RP0=0, select bank0
   891  00EB  1303               	bcf	3,6	;RP1=0, select bank0
   892  00EC  1508               	bsf	8,2	;volatile
   893  00ED                     l1171:	
   894                           
   895                           ;lab2.c: 83:             if (z<=i){
   896  00ED  0875               	movf	_z,w
   897  00EE  0274               	subwf	_i,w
   898  00EF  1C03               	skipc
   899  00F0  28F2               	goto	u301
   900  00F1  28F3               	goto	u300
   901  00F2                     u301:	
   902  00F2  28F6               	goto	l1175
   903  00F3                     u300:	
   904  00F3                     l1173:	
   905                           
   906                           ;lab2.c: 84:                 RD2 = 0;
   907  00F3  1283               	bcf	3,5	;RP0=0, select bank0
   908  00F4  1303               	bcf	3,6	;RP1=0, select bank0
   909  00F5  1108               	bcf	8,2	;volatile
   910  00F6                     l1175:	
   911                           
   912                           ;lab2.c: 86:         _delay((unsigned long)((1)*(4000000/4000.0)));
   913  00F6  30C7               	movlw	199
   914  00F7  1283               	bcf	3,5	;RP0=0, select bank0
   915  00F8  1303               	bcf	3,6	;RP1=0, select bank0
   916  00F9  00C2               	movwf	??_analogico
   917  00FA                     u327:	
   918  00FA  28FB               	nop2
   919  00FB  0BC2               	decfsz	??_analogico,f
   920  00FC  28FA               	goto	u327
   921  00FD  28FE               	nop2
   922  00FE                     l1177:	
   923                           
   924                           ;lab2.c: 87:         if(ADCON0bits.GO_DONE == 0){
   925  00FE  1283               	bcf	3,5	;RP0=0, select bank0
   926  00FF  1303               	bcf	3,6	;RP1=0, select bank0
   927  0100  189F               	btfsc	31,1	;volatile
   928  0101  2903               	goto	u311
   929  0102  2904               	goto	u310
   930  0103                     u311:	
   931  0103  28E4               	goto	l66
   932  0104                     u310:	
   933  0104                     l1179:	
   934                           
   935                           ;lab2.c: 88:             NIBBLES();
   936  0104  120A  118A  2154  120A  118A  	fcall	_NIBBLES
   937  0109                     l1181:	
   938                           
   939                           ;lab2.c: 89:             desplegar();
   940  0109  120A  118A  2113  120A  118A  	fcall	_desplegar
   941  010E                     l1183:	
   942                           
   943                           ;lab2.c: 90:             ADCON0bits.GO_DONE = 1;
   944  010E  1283               	bcf	3,5	;RP0=0, select bank0
   945  010F  1303               	bcf	3,6	;RP1=0, select bank0
   946  0110  149F               	bsf	31,1	;volatile
   947  0111  28E4               	goto	l66
   948  0112  0008               	return
   949  0113                     __end_of_analogico:	
   950                           
   951                           	psect	text3
   952  0113                     __ptext3:	
   953 ;; *************** function _desplegar *****************
   954 ;; Defined at:
   955 ;;		line 105 in file "LIBRERIA.c"
   956 ;; Parameters:    Size  Location     Type
   957 ;;		None
   958 ;; Auto vars:     Size  Location     Type
   959 ;;		None
   960 ;; Return value:  Size  Location     Type
   961 ;;                  1    wreg      void 
   962 ;; Registers used:
   963 ;;		wreg, fsr0l, fsr0h, status,2, status,0
   964 ;; Tracked objects:
   965 ;;		On entry : 0/0
   966 ;;		On exit  : 0/0
   967 ;;		Unchanged: 0/0
   968 ;; Data sizes:     COMMON   BANK0   BANK1   BANK3   BANK2
   969 ;;      Params:         0       0       0       0       0
   970 ;;      Locals:         0       0       0       0       0
   971 ;;      Temps:          0       0       0       0       0
   972 ;;      Totals:         0       0       0       0       0
   973 ;;Total ram usage:        0 bytes
   974 ;; Hardware stack levels used:    1
   975 ;; Hardware stack levels required when called:    2
   976 ;; This function calls:
   977 ;;		Nothing
   978 ;; This function is called by:
   979 ;;		_analogico
   980 ;; This function uses a non-reentrant model
   981 ;;
   982                           
   983                           
   984                           ;psect for function _desplegar
   985  0113                     _desplegar:	
   986  0113                     l1039:	
   987                           ;incstack = 0
   988                           ; Regs used in _desplegar: [wreg-fsr0h+status,2+status,0]
   989                           
   990                           
   991                           ;LIBRERIA.c: 106:        PORTC = 0;
   992  0113  1283               	bcf	3,5	;RP0=0, select bank0
   993  0114  1303               	bcf	3,6	;RP1=0, select bank0
   994  0115  0187               	clrf	7	;volatile
   995  0116                     l1041:	
   996                           
   997                           ;LIBRERIA.c: 107:         RD0 = 0;
   998  0116  1008               	bcf	8,0	;volatile
   999  0117                     l1043:	
  1000                           
  1001                           ;LIBRERIA.c: 108:         RD1 = 0;
  1002  0117  1088               	bcf	8,1	;volatile
  1003  0118                     l1045:	
  1004                           
  1005                           ;LIBRERIA.c: 109:         if(BANDERA ==1){
  1006  0118  0376               	decf	_BANDERA,w
  1007  0119  1D03               	btfss	3,2
  1008  011A  291C               	goto	u271
  1009  011B  291D               	goto	u270
  1010  011C                     u271:	
  1011  011C  2926               	goto	l1055
  1012  011D                     u270:	
  1013  011D                     l1047:	
  1014                           
  1015                           ;LIBRERIA.c: 110:             PORTC = DISPLAY1[x];
  1016  011D  0873               	movf	_x,w
  1017  011E  3E30               	addlw	(low (_DISPLAY1| 0))& (0+255)
  1018  011F  0084               	movwf	4
  1019  0120  1383               	bcf	3,7	;select IRP bank0
  1020  0121  0800               	movf	0,w
  1021  0122  0087               	movwf	7	;volatile
  1022  0123                     l1049:	
  1023                           
  1024                           ;LIBRERIA.c: 111:             RD0 = 1;
  1025  0123  1408               	bsf	8,0	;volatile
  1026  0124                     l1051:	
  1027                           
  1028                           ;LIBRERIA.c: 112:             RD1=0;
  1029  0124  1088               	bcf	8,1	;volatile
  1030  0125  2933               	goto	l159
  1031  0126                     l1055:	
  1032                           
  1033                           ;LIBRERIA.c: 116:         if(BANDERA == 0){
  1034  0126  0876               	movf	_BANDERA,w
  1035  0127  1D03               	btfss	3,2
  1036  0128  292A               	goto	u281
  1037  0129  292B               	goto	u280
  1038  012A                     u281:	
  1039  012A  2933               	goto	l159
  1040  012B                     u280:	
  1041  012B                     l1057:	
  1042                           
  1043                           ;LIBRERIA.c: 118:             PORTC = DISPLAY2[y];
  1044  012B  0872               	movf	_y,w
  1045  012C  3E20               	addlw	(low (_DISPLAY2| 0))& (0+255)
  1046  012D  0084               	movwf	4
  1047  012E  1383               	bcf	3,7	;select IRP bank0
  1048  012F  0800               	movf	0,w
  1049  0130  0087               	movwf	7	;volatile
  1050  0131                     l1059:	
  1051                           
  1052                           ;LIBRERIA.c: 119:             RD1 = 1;
  1053  0131  1488               	bsf	8,1	;volatile
  1054  0132                     l1061:	
  1055                           
  1056                           ;LIBRERIA.c: 120:             RD0 = 0;
  1057  0132  1008               	bcf	8,0	;volatile
  1058  0133                     l159:	
  1059  0133  0008               	return
  1060  0134                     __end_of_desplegar:	
  1061                           
  1062                           	psect	text4
  1063  0154                     __ptext4:	
  1064 ;; *************** function _NIBBLES *****************
  1065 ;; Defined at:
  1066 ;;		line 98 in file "LIBRERIA.c"
  1067 ;; Parameters:    Size  Location     Type
  1068 ;;		None
  1069 ;; Auto vars:     Size  Location     Type
  1070 ;;		None
  1071 ;; Return value:  Size  Location     Type
  1072 ;;                  1    wreg      void 
  1073 ;; Registers used:
  1074 ;;		wreg, status,2, status,0
  1075 ;; Tracked objects:
  1076 ;;		On entry : 0/0
  1077 ;;		On exit  : 0/0
  1078 ;;		Unchanged: 0/0
  1079 ;; Data sizes:     COMMON   BANK0   BANK1   BANK3   BANK2
  1080 ;;      Params:         0       0       0       0       0
  1081 ;;      Locals:         0       0       0       0       0
  1082 ;;      Temps:          0       2       0       0       0
  1083 ;;      Totals:         0       2       0       0       0
  1084 ;;Total ram usage:        2 bytes
  1085 ;; Hardware stack levels used:    1
  1086 ;; Hardware stack levels required when called:    2
  1087 ;; This function calls:
  1088 ;;		Nothing
  1089 ;; This function is called by:
  1090 ;;		_analogico
  1091 ;; This function uses a non-reentrant model
  1092 ;;
  1093                           
  1094                           
  1095                           ;psect for function _NIBBLES
  1096  0154                     _NIBBLES:	
  1097  0154                     l1033:	
  1098                           ;incstack = 0
  1099                           ; Regs used in _NIBBLES: [wreg+status,2+status,0]
  1100                           
  1101                           
  1102                           ;LIBRERIA.c: 99:         x = x & 0x0F;
  1103  0154  0873               	movf	_x,w
  1104  0155  390F               	andlw	15
  1105  0156  1283               	bcf	3,5	;RP0=0, select bank0
  1106  0157  1303               	bcf	3,6	;RP1=0, select bank0
  1107  0158  00C0               	movwf	??_NIBBLES
  1108  0159  0840               	movf	??_NIBBLES,w
  1109  015A  00F3               	movwf	_x
  1110  015B                     l1035:	
  1111                           
  1112                           ;LIBRERIA.c: 100:         y = ((y & 0xF0)>>4);
  1113  015B  0872               	movf	_y,w
  1114  015C  00C0               	movwf	??_NIBBLES
  1115  015D  3004               	movlw	4
  1116  015E                     u265:	
  1117  015E  1003               	clrc
  1118  015F  0CC0               	rrf	??_NIBBLES,f
  1119  0160  3EFF               	addlw	-1
  1120  0161  1D03               	skipz
  1121  0162  295E               	goto	u265
  1122  0163  0840               	movf	??_NIBBLES,w
  1123  0164  390F               	andlw	15
  1124  0165  00C1               	movwf	??_NIBBLES+1
  1125  0166  0841               	movf	??_NIBBLES+1,w
  1126  0167  00F2               	movwf	_y
  1127  0168                     l155:	
  1128  0168  0008               	return
  1129  0169                     __end_of_NIBBLES:	
  1130                           
  1131                           	psect	text5
  1132  0077                     __ptext5:	
  1133 ;; *************** function _ISR *****************
  1134 ;; Defined at:
  1135 ;;		line 37 in file "lab2.c"
  1136 ;; Parameters:    Size  Location     Type
  1137 ;;		None
  1138 ;; Auto vars:     Size  Location     Type
  1139 ;;		None
  1140 ;; Return value:  Size  Location     Type
  1141 ;;                  1    wreg      void 
  1142 ;; Registers used:
  1143 ;;		wreg, status,2, status,0, pclath, cstack
  1144 ;; Tracked objects:
  1145 ;;		On entry : 0/0
  1146 ;;		On exit  : 0/0
  1147 ;;		Unchanged: 0/0
  1148 ;; Data sizes:     COMMON   BANK0   BANK1   BANK3   BANK2
  1149 ;;      Params:         0       0       0       0       0
  1150 ;;      Locals:         0       0       0       0       0
  1151 ;;      Temps:          3       0       0       0       0
  1152 ;;      Totals:         3       0       0       0       0
  1153 ;;Total ram usage:        3 bytes
  1154 ;; Hardware stack levels used:    1
  1155 ;; Hardware stack levels required when called:    1
  1156 ;; This function calls:
  1157 ;;		_TOGGLE
  1158 ;;		_operacion
  1159 ;; This function is called by:
  1160 ;;		Interrupt level 1
  1161 ;; This function uses a non-reentrant model
  1162 ;;
  1163                           
  1164                           
  1165                           ;psect for function _ISR
  1166  0077                     _ISR:	
  1167  0077                     i1l1009:	
  1168                           
  1169                           ;lab2.c: 39:     if (TMR0IF == 1 ){
  1170  0077  1D0B               	btfss	11,2	;volatile
  1171  0078  287A               	goto	u23_21
  1172  0079  287B               	goto	u23_20
  1173  007A                     u23_21:	
  1174  007A  2888               	goto	i1l55
  1175  007B                     u23_20:	
  1176  007B                     i1l1011:	
  1177                           
  1178                           ;lab2.c: 40:         TOGGLE();
  1179  007B  120A  118A  2189  120A  118A  	fcall	_TOGGLE
  1180  0080                     i1l1013:	
  1181                           
  1182                           ;lab2.c: 41:         TMR0IF=0;
  1183  0080  110B               	bcf	11,2	;volatile
  1184  0081                     i1l1015:	
  1185                           
  1186                           ;lab2.c: 42:         TMR0= 2;
  1187  0081  3002               	movlw	2
  1188  0082  1283               	bcf	3,5	;RP0=0, select bank0
  1189  0083  1303               	bcf	3,6	;RP1=0, select bank0
  1190  0084  0081               	movwf	1	;volatile
  1191  0085                     i1l1017:	
  1192                           
  1193                           ;lab2.c: 43:         PORTA = i;
  1194  0085  0874               	movf	_i,w
  1195  0086  0085               	movwf	5	;volatile
  1196  0087  28A7               	goto	i1l56
  1197  0088                     i1l55:	
  1198                           ;lab2.c: 45:     }
  1199                           
  1200                           
  1201                           ;lab2.c: 46:     if (INTCONbits.RBIF==1 ){
  1202  0088  1C0B               	btfss	11,0	;volatile
  1203  0089  288B               	goto	u24_21
  1204  008A  288C               	goto	u24_20
  1205  008B                     u24_21:	
  1206  008B  2894               	goto	i1l57
  1207  008C                     u24_20:	
  1208  008C                     i1l1021:	
  1209                           
  1210                           ;lab2.c: 47:         INTCONbits.RBIF = 0;
  1211  008C  100B               	bcf	11,0	;volatile
  1212                           
  1213                           ;lab2.c: 48:         (INTCONbits.GIE = 0);
  1214  008D  138B               	bcf	11,7	;volatile
  1215  008E                     i1l1023:	
  1216                           
  1217                           ;lab2.c: 50:         operacion();
  1218  008E  120A  118A  20AE  120A  118A  	fcall	_operacion
  1219  0093  28A7               	goto	i1l56
  1220  0094                     i1l57:	
  1221                           ;lab2.c: 53:     }
  1222                           
  1223                           
  1224                           ;lab2.c: 54:     if (PIR1bits.ADIF ==1){
  1225  0094  1283               	bcf	3,5	;RP0=0, select bank0
  1226  0095  1303               	bcf	3,6	;RP1=0, select bank0
  1227  0096  1F0C               	btfss	12,6	;volatile
  1228  0097  2899               	goto	u25_21
  1229  0098  289A               	goto	u25_20
  1230  0099                     u25_21:	
  1231  0099  28A7               	goto	i1l56
  1232  009A                     u25_20:	
  1233  009A                     i1l1027:	
  1234                           
  1235                           ;lab2.c: 56:         PIR1bits.ADIF = 0;
  1236  009A  130C               	bcf	12,6	;volatile
  1237  009B                     i1l1029:	
  1238                           
  1239                           ;lab2.c: 58:         z = ADRESH;
  1240  009B  081E               	movf	30,w	;volatile
  1241  009C  00F8               	movwf	??_ISR
  1242  009D  0878               	movf	??_ISR,w
  1243  009E  00F5               	movwf	_z
  1244                           
  1245                           ;lab2.c: 59:         x= ADRESH;
  1246  009F  081E               	movf	30,w	;volatile
  1247  00A0  00F8               	movwf	??_ISR
  1248  00A1  0878               	movf	??_ISR,w
  1249  00A2  00F3               	movwf	_x
  1250                           
  1251                           ;lab2.c: 60:         y = ADRESH;
  1252  00A3  081E               	movf	30,w	;volatile
  1253  00A4  00F8               	movwf	??_ISR
  1254  00A5  0878               	movf	??_ISR,w
  1255  00A6  00F2               	movwf	_y
  1256  00A7                     i1l56:	
  1257  00A7  087A               	movf	??_ISR+2,w
  1258  00A8  008A               	movwf	10
  1259  00A9  0E79               	swapf	(??_ISR+1)^(0+4294967168),w
  1260  00AA  0083               	movwf	3
  1261  00AB  0EFE               	swapf	btemp,f
  1262  00AC  0E7E               	swapf	btemp,w
  1263  00AD  0009               	retfie
  1264  00AE                     __end_of_ISR:	
  1265                           
  1266                           	psect	intentry
  1267  0004                     __pintentry:	
  1268                           ;incstack = 0
  1269                           ; Regs used in _ISR: [wreg+status,2+status,0+pclath+cstack]
  1270                           
  1271  0004                     interrupt_function:	
  1272  007E                     saved_w	set	btemp
  1273  0004  00FE               	movwf	btemp
  1274  0005  0E03               	swapf	3,w
  1275  0006  00F9               	movwf	??_ISR+1
  1276  0007  080A               	movf	10,w
  1277  0008  00FA               	movwf	??_ISR+2
  1278  0009  120A  118A  2877   	ljmp	_ISR
  1279                           
  1280                           	psect	text6
  1281  00AE                     __ptext6:	
  1282 ;; *************** function _operacion *****************
  1283 ;; Defined at:
  1284 ;;		line 128 in file "LIBRERIA.c"
  1285 ;; Parameters:    Size  Location     Type
  1286 ;;		None
  1287 ;; Auto vars:     Size  Location     Type
  1288 ;;		None
  1289 ;; Return value:  Size  Location     Type
  1290 ;;                  1    wreg      void 
  1291 ;; Registers used:
  1292 ;;		wreg, status,2, status,0
  1293 ;; Tracked objects:
  1294 ;;		On entry : 0/0
  1295 ;;		On exit  : 0/0
  1296 ;;		Unchanged: 0/0
  1297 ;; Data sizes:     COMMON   BANK0   BANK1   BANK3   BANK2
  1298 ;;      Params:         0       0       0       0       0
  1299 ;;      Locals:         0       0       0       0       0
  1300 ;;      Temps:          1       0       0       0       0
  1301 ;;      Totals:         1       0       0       0       0
  1302 ;;Total ram usage:        1 bytes
  1303 ;; Hardware stack levels used:    1
  1304 ;; This function calls:
  1305 ;;		Nothing
  1306 ;; This function is called by:
  1307 ;;		_ISR
  1308 ;; This function uses a non-reentrant model
  1309 ;;
  1310                           
  1311                           
  1312                           ;psect for function _operacion
  1313  00AE                     _operacion:	
  1314  00AE                     i1l979:	
  1315                           ;incstack = 0
  1316                           ; Regs used in _operacion: [wreg+status,2+status,0]
  1317                           
  1318                           
  1319                           ;LIBRERIA.c: 129:       if (RB0 == 1){
  1320  00AE  1283               	bcf	3,5	;RP0=0, select bank0
  1321  00AF  1303               	bcf	3,6	;RP1=0, select bank0
  1322  00B0  1C06               	btfss	6,0	;volatile
  1323  00B1  28B3               	goto	u17_21
  1324  00B2  28B4               	goto	u17_20
  1325  00B3                     u17_21:	
  1326  00B3  28B7               	goto	i1l163
  1327  00B4                     u17_20:	
  1328  00B4                     i1l981:	
  1329                           
  1330                           ;LIBRERIA.c: 130:            ANTIREBOTEA = 1;
  1331  00B4  01F0               	clrf	_ANTIREBOTEA
  1332  00B5  0AF0               	incf	_ANTIREBOTEA,f
  1333                           
  1334                           ;LIBRERIA.c: 131:            (INTCONbits.GIE = 0);
  1335  00B6  138B               	bcf	11,7	;volatile
  1336  00B7                     i1l163:	
  1337                           ;LIBRERIA.c: 135:        }
  1338                           
  1339                           
  1340                           ;LIBRERIA.c: 136:         if(RB0 == 0 && ANTIREBOTEA ==1 ){
  1341  00B7  1806               	btfsc	6,0	;volatile
  1342  00B8  28BA               	goto	u18_21
  1343  00B9  28BB               	goto	u18_20
  1344  00BA                     u18_21:	
  1345  00BA  28CB               	goto	i1l164
  1346  00BB                     u18_20:	
  1347  00BB                     i1l983:	
  1348  00BB  0370               	decf	_ANTIREBOTEA,w
  1349  00BC  1D03               	btfss	3,2
  1350  00BD  28BF               	goto	u19_21
  1351  00BE  28C0               	goto	u19_20
  1352  00BF                     u19_21:	
  1353  00BF  28CB               	goto	i1l164
  1354  00C0                     u19_20:	
  1355  00C0                     i1l985:	
  1356                           
  1357                           ;LIBRERIA.c: 137:             ANTIREBOTEA = 0;
  1358  00C0  01F0               	clrf	_ANTIREBOTEA
  1359  00C1                     i1l987:	
  1360                           
  1361                           ;LIBRERIA.c: 139:             ADC++;
  1362  00C1  3001               	movlw	1
  1363  00C2  00F7               	movwf	??_operacion
  1364  00C3  0877               	movf	??_operacion,w
  1365  00C4  07F1               	addwf	_ADC,f
  1366  00C5                     i1l989:	
  1367                           
  1368                           ;LIBRERIA.c: 141:             i = ADC;
  1369  00C5  0871               	movf	_ADC,w
  1370  00C6  00F7               	movwf	??_operacion
  1371  00C7  0877               	movf	??_operacion,w
  1372  00C8  00F4               	movwf	_i
  1373  00C9                     i1l991:	
  1374                           
  1375                           ;LIBRERIA.c: 142:             (INTCONbits.GIE = 1);
  1376  00C9  178B               	bsf	11,7	;volatile
  1377  00CA  28E3               	goto	i1l165
  1378  00CB                     i1l164:	
  1379                           ;LIBRERIA.c: 145:         }
  1380                           
  1381                           
  1382                           ;LIBRERIA.c: 147:        if(RB1 == 1 ){
  1383  00CB  1C86               	btfss	6,1	;volatile
  1384  00CC  28CE               	goto	u20_21
  1385  00CD  28CF               	goto	u20_20
  1386  00CE                     u20_21:	
  1387  00CE  28D2               	goto	i1l166
  1388  00CF                     u20_20:	
  1389  00CF                     i1l995:	
  1390                           
  1391                           ;LIBRERIA.c: 148:             ANTIREBOTEB= 1;
  1392  00CF  01C3               	clrf	_ANTIREBOTEB
  1393  00D0  0AC3               	incf	_ANTIREBOTEB,f
  1394                           
  1395                           ;LIBRERIA.c: 149:             (INTCONbits.GIE = 0);
  1396  00D1  138B               	bcf	11,7	;volatile
  1397  00D2                     i1l166:	
  1398                           ;LIBRERIA.c: 151:         }
  1399                           
  1400                           
  1401                           ;LIBRERIA.c: 152:        if(RB1 == 0 && ANTIREBOTEB ==1){
  1402  00D2  1886               	btfsc	6,1	;volatile
  1403  00D3  28D5               	goto	u21_21
  1404  00D4  28D6               	goto	u21_20
  1405  00D5                     u21_21:	
  1406  00D5  28E3               	goto	i1l165
  1407  00D6                     u21_20:	
  1408  00D6                     i1l997:	
  1409  00D6  0343               	decf	_ANTIREBOTEB,w
  1410  00D7  1D03               	btfss	3,2
  1411  00D8  28DA               	goto	u22_21
  1412  00D9  28DB               	goto	u22_20
  1413  00DA                     u22_21:	
  1414  00DA  28E3               	goto	i1l165
  1415  00DB                     u22_20:	
  1416  00DB                     i1l999:	
  1417                           
  1418                           ;LIBRERIA.c: 153:             ANTIREBOTEB= 0;
  1419  00DB  01C3               	clrf	_ANTIREBOTEB
  1420  00DC                     i1l1001:	
  1421                           
  1422                           ;LIBRERIA.c: 154:             ADC--;
  1423  00DC  3001               	movlw	1
  1424  00DD  02F1               	subwf	_ADC,f
  1425  00DE                     i1l1003:	
  1426                           
  1427                           ;LIBRERIA.c: 156:             i = ADC;
  1428  00DE  0871               	movf	_ADC,w
  1429  00DF  00F7               	movwf	??_operacion
  1430  00E0  0877               	movf	??_operacion,w
  1431  00E1  00F4               	movwf	_i
  1432  00E2                     i1l1005:	
  1433                           
  1434                           ;LIBRERIA.c: 157:             (INTCONbits.GIE = 1);
  1435  00E2  178B               	bsf	11,7	;volatile
  1436  00E3                     i1l165:	
  1437  00E3  0008               	return
  1438  00E4                     __end_of_operacion:	
  1439                           
  1440                           	psect	text7
  1441  0189                     __ptext7:	
  1442 ;; *************** function _TOGGLE *****************
  1443 ;; Defined at:
  1444 ;;		line 87 in file "LIBRERIA.c"
  1445 ;; Parameters:    Size  Location     Type
  1446 ;;		None
  1447 ;; Auto vars:     Size  Location     Type
  1448 ;;		None
  1449 ;; Return value:  Size  Location     Type
  1450 ;;                  1    wreg      void 
  1451 ;; Registers used:
  1452 ;;		wreg, status,2, status,0
  1453 ;; Tracked objects:
  1454 ;;		On entry : 0/0
  1455 ;;		On exit  : 0/0
  1456 ;;		Unchanged: 0/0
  1457 ;; Data sizes:     COMMON   BANK0   BANK1   BANK3   BANK2
  1458 ;;      Params:         0       0       0       0       0
  1459 ;;      Locals:         0       0       0       0       0
  1460 ;;      Temps:          0       0       0       0       0
  1461 ;;      Totals:         0       0       0       0       0
  1462 ;;Total ram usage:        0 bytes
  1463 ;; Hardware stack levels used:    1
  1464 ;; This function calls:
  1465 ;;		Nothing
  1466 ;; This function is called by:
  1467 ;;		_ISR
  1468 ;; This function uses a non-reentrant model
  1469 ;;
  1470                           
  1471                           
  1472                           ;psect for function _TOGGLE
  1473  0189                     _TOGGLE:	
  1474  0189                     i1l791:	
  1475                           ;incstack = 0
  1476                           ; Regs used in _TOGGLE: [wreg+status,2+status,0]
  1477                           
  1478                           
  1479                           ;LIBRERIA.c: 88:         if(BANDERA==1){
  1480  0189  0376               	decf	_BANDERA,w
  1481  018A  1D03               	btfss	3,2
  1482  018B  298D               	goto	u4_21
  1483  018C  298E               	goto	u4_20
  1484  018D                     u4_21:	
  1485  018D  2990               	goto	i1l150
  1486  018E                     u4_20:	
  1487  018E                     i1l793:	
  1488                           
  1489                           ;LIBRERIA.c: 89:             BANDERA =0;
  1490  018E  01F6               	clrf	_BANDERA
  1491  018F  2992               	goto	i1l151
  1492  0190                     i1l150:	
  1493                           ;LIBRERIA.c: 92:         else{
  1494                           
  1495                           
  1496                           ;LIBRERIA.c: 93:             BANDERA = 1;
  1497  0190  01F6               	clrf	_BANDERA
  1498  0191  0AF6               	incf	_BANDERA,f
  1499  0192                     i1l151:	
  1500                           ;LIBRERIA.c: 94:             return;
  1501                           
  1502  0192  0008               	return
  1503  0193                     __end_of_TOGGLE:	
  1504  007E                     btemp	set	126	;btemp
  1505  007E                     wtemp0	set	126


Data Sizes:
    Strings     0
    Constant    0
    Data        32
    BSS         8
    Persistent  0
    Stack       0

Auto Spaces:
    Space          Size  Autos    Used
    COMMON           14      4      11
    BANK0            80      3      36
    BANK1            80      0       0
    BANK3            96      0       0
    BANK2            96      0       0

Pointer List with Targets:

    None.

Critical Paths under _main in COMMON

    None.

Critical Paths under _ISR in COMMON

    _ISR->_operacion

Critical Paths under _main in BANK0

    _main->_analogico
    _analogico->_NIBBLES

Critical Paths under _ISR in BANK0

    None.

Critical Paths under _main in BANK1

    None.

Critical Paths under _ISR in BANK1

    None.

Critical Paths under _main in BANK3

    None.

Critical Paths under _ISR in BANK3

    None.

Critical Paths under _main in BANK2

    None.

Critical Paths under _ISR in BANK2

    None.

Call Graph Tables:

 ---------------------------------------------------------------------------------
 (Depth) Function   	        Calls       Base Space   Used Autos Params    Refs
 ---------------------------------------------------------------------------------
 (0) _main                                                 0     0      0       0
                          _analogico
                              _setup
 ---------------------------------------------------------------------------------
 (1) _setup                                                0     0      0       0
 ---------------------------------------------------------------------------------
 (1) _analogico                                            1     1      0       0
                                              2 BANK0      1     1      0
                            _NIBBLES
                          _desplegar
 ---------------------------------------------------------------------------------
 (2) _desplegar                                            0     0      0       0
 ---------------------------------------------------------------------------------
 (2) _NIBBLES                                              2     2      0       0
                                              0 BANK0      2     2      0
 ---------------------------------------------------------------------------------
 Estimated maximum stack depth 2
 ---------------------------------------------------------------------------------
 (Depth) Function   	        Calls       Base Space   Used Autos Params    Refs
 ---------------------------------------------------------------------------------
 (3) _ISR                                                  3     3      0       0
                                              1 COMMON     3     3      0
                             _TOGGLE
                          _operacion
 ---------------------------------------------------------------------------------
 (4) _operacion                                            1     1      0       0
                                              0 COMMON     1     1      0
 ---------------------------------------------------------------------------------
 (4) _TOGGLE                                               0     0      0       0
 ---------------------------------------------------------------------------------
 Estimated maximum stack depth 4
 ---------------------------------------------------------------------------------

 Call Graph Graphs:

 _main (ROOT)
   _analogico
     _NIBBLES
     _desplegar
   _setup

 _ISR (ROOT)
   _TOGGLE
   _operacion

 Address spaces:
Name               Size   Autos  Total    Cost      Usage
BANK3               60      0       0       9        0.0%
BITBANK3            60      0       0       8        0.0%
SFR3                 0      0       0       4        0.0%
BITSFR3              0      0       0       4        0.0%
BANK2               60      0       0      11        0.0%
BITBANK2            60      0       0      10        0.0%
SFR2                 0      0       0       5        0.0%
BITSFR2              0      0       0       5        0.0%
BANK1               50      0       0       7        0.0%
BITBANK1            50      0       0       6        0.0%
SFR1                 0      0       0       2        0.0%
BITSFR1              0      0       0       2        0.0%
BANK0               50      3      24       5       45.0%
BITBANK0            50      0       0       4        0.0%
SFR0                 0      0       0       1        0.0%
BITSFR0              0      0       0       1        0.0%
COMMON               E      4       B       1       78.6%
BITCOMMON            E      0       0       0        0.0%
CODE                 0      0       0       0        0.0%
DATA                 0      0      2F      12        0.0%
ABS                  0      0      2F       3        0.0%
NULL                 0      0       0       0        0.0%
STACK                0      0       0       2        0.0%
EEDATA             100      0       0       0        0.0%


Microchip Technology PIC Macro Assembler V2.10 build 88905656 
Symbol Table                                                                                   Thu Feb 06 00:07:57 2020

                       _i 0074                         _x 0073                         _y 0072  
                       _z 0075                         pc 0002               __CFG_CP$OFF 0000  
                      l63 0186                        l66 00E4                        fsr 0004  
                     l155 0168                       l147 0076                       l159 0133  
                     _ADC 0071                       _RB0 0030                       _RB1 0031  
                     _RD0 0040                       _RD1 0041                       _RD2 0042  
                     u300 00F3                       u301 00F2                       u310 0104  
                     u311 0103                       u270 011D                       u271 011C  
                     u327 00FA                       u280 012B                       u265 015E  
                     u281 012A                       u290 00EA              __CFG_CPD$OFF 0000  
                     u291 00E9                       _ISR 0077                       fsr0 0004  
                     indf 0000           __end_of_NIBBLES 0169              __CFG_LVP$OFF 0000  
                    ?_ISR 0077                      l1101 0046                      l1111 004B  
                    l1103 0047                      l1033 0154                      l1041 0116  
                    l1121 0052                      l1113 004C                      l1105 0048  
                    l1035 015B                      l1051 0124                      l1043 0117  
                    l1131 005C                      l1123 0053                      l1115 004F  
                    l1107 0049                      l1061 0132                      l1045 0118  
                    l1141 0065                      l1133 005D                      l1125 0054  
                    l1117 0050                      l1109 004A                      l1047 011D  
                    l1055 0126                      l1039 0113                      l1151 006C  
                    l1143 0066                      l1135 005E                      l1127 0055  
                    l1119 0051                      l1071 002F                      l1057 012B  
                    l1049 0123                      l1161 0073                      l1153 006D  
                    l1145 0067                      l1137 005F                      l1129 0058  
                    l1081 0039                      l1073 0030                      l1065 0029  
                    l1059 0131                      l1171 00ED                      l1163 0074  
                    l1155 006E                      l1147 0068                      l1139 0062  
                    l1091 0041                      l1083 003B                      l1075 0031  
                    l1067 002D                      l1181 0109                      l1173 00F3  
                    l1165 0075                      l1157 0071                      l1149 006B  
                    l1093 0042                      l1085 003C                      l1077 0034  
                    l1069 002E                      l1183 010E                      l1175 00F6  
                    l1167 00E4                      l1159 0072                      l1095 0043  
                    l1087 003D                      l1079 0036                      l1177 00FE  
                    l1169 00EA                      l1097 0044                      l1089 003E  
                    l1185 017C                      l1179 0104                      l1099 0045  
                    l1187 0181                      i1l55 0088                      i1l56 00A7  
                    i1l57 0094                      _TMR0 0001                      u4_20 018E  
                    u4_21 018D              __CFG_WRT$OFF 0000                      _main 017C  
                    btemp 007E                      start 000C             __CFG_IESO$OFF 0000  
                   ??_ISR 0078                     ?_main 0077             __CFG_WDTE$OFF 0000  
                   _ANSEL 0188                     i1l150 0190                     i1l151 0192  
                   i1l163 00B7                     i1l164 00CB                     i1l165 00E3  
                   i1l166 00D2                     i1l791 0189                     i1l793 018E  
                   i1l981 00B4                     i1l991 00C9                     i1l983 00BB  
                   i1l985 00C0                     i1l995 00CF                     i1l987 00C1  
                   i1l979 00AE                     i1l997 00D6                     i1l989 00C5  
                   i1l999 00DB                     u20_20 00CF                     u20_21 00CE  
                   u21_20 00D6                     u21_21 00D5                     u22_20 00DB  
                   u22_21 00DA                     u23_20 007B                     u23_21 007A  
                   u24_20 008C                     u24_21 008B                     u17_20 00B4  
                   u25_20 009A                     u17_21 00B3                     u25_21 0099  
                   u18_20 00BB                     u18_21 00BA                     u19_20 00C0  
                   u19_21 00BF                     _PORTA 0005                     _PORTB 0006  
                   _PORTC 0007                     _PORTD 0008                     _PORTE 0009  
                   _TRISA 0085                     _TRISB 0086                     _TRISC 0087  
                   _TRISD 0088                     _TRISE 0089            __CFG_FCMEN$OFF 0000  
                   _setup 0029            __CFG_BOREN$OFF 0000                     pclath 000A  
                   status 0003                     wtemp0 007E            __CFG_MCLRE$OFF 0000  
         __initialization 000F              __end_of_main 0189                    ??_main 0043  
               ??_NIBBLES 0040                    _ADRESH 001E                    ?_setup 0077  
                  _ANSELH 0189                    i1l1001 00DC                    i1l1003 00DE  
                  i1l1011 007B                    i1l1005 00E2                    i1l1021 008C  
                  i1l1013 0080                    i1l1023 008E                    i1l1015 0081  
                  i1l1017 0085                    i1l1009 0077                    i1l1027 009A  
                  i1l1029 009B                    _TMR0IF 005A                    _TOGGLE 0189  
          __CFG_PWRTE$OFF 0000                    saved_w 007E   __end_of__initialization 0025  
          __pcstackCOMMON 0077              __pidataBANK0 0134             __end_of_setup 0077  
      __size_of_analogico 002F            _OPTION_REGbits 0081        __size_of_desplegar 0021  
                 ??_setup 0040                __pbssBANK0 0043                   ?_TOGGLE 0077  
              __pmaintext 017C                __pintentry 0004                   _BANDERA 0076  
      __size_of_operacion 0036                   _NIBBLES 0154         __end_of_analogico 0113  
         __size_of_TOGGLE 000A         __end_of_desplegar 0134                   __ptext1 0029  
                 __ptext2 00E4                   __ptext3 0113                   __ptext4 0154  
                 __ptext5 0077                   __ptext6 00AE                   __ptext7 0189  
            __size_of_ISR 0037      end_of_initialization 0025         __end_of_operacion 00E4  
          __end_of_TOGGLE 0193       start_initialization 000F               __end_of_ISR 00AE  
                ??_TOGGLE 0077  __CFG_FOSC$INTRC_NOCLKOUT 0000                init_fetch0 0169  
             __pdataBANK0 0020                  ?_NIBBLES 0077               __pbssCOMMON 0070  
               ___latbits 0002             __pcstackBANK0 0040               _ANTIREBOTEA 0070  
             _ANTIREBOTEB 0043                 _analogico 00E4                 _desplegar 0113  
                _DISPLAY1 0030                  _DISPLAY2 0020            __size_of_setup 004E  
       interrupt_function 0004                  _IOCBbits 0096                  _PIE1bits 008C  
              ?_analogico 0077                 _operacion 00AE                  _PIR1bits 000C  
              ?_desplegar 0077                _ADCON0bits 001F                _ADCON1bits 009F  
        __size_of_NIBBLES 0015                ?_operacion 0077         __CFG_BOR4V$BOR40V 0000  
           __size_of_main 000D               ??_analogico 0042               ??_desplegar 0040  
              _INTCONbits 000B                  init_ram0 016D                  intlevel1 0000  
             ??_operacion 0077                _OSCCONbits 008F  
